Starting at Thursday 07 December 2023 07:06:45 PM IST
Running on hosts: scn11-10g
Running on 1 nodes.
Running 1 tasks.
Job id is 198322
Job submission directory is : /nlsasfs/home/nltm-st/akankss/thish/expts/espnet_egs2_001_hindi_all_asr1
2023-12-07T19:06:45 (asr.sh:283:main) ./asr.sh --stage 5 --stop_stage 5 --train_set train --valid_set dev --test_sets test --nbpe 128
2023-12-07T19:06:46 (asr.sh:565:main) Skipped stages:  9 14 15 16 
2023-12-07T19:06:46 (asr.sh:878:main) Stage 5: Generate token_list from dump/raw/org/train/text using BPE
2023-12-07T19:06:50 (asr.sh:1863:main) Successfully finished. [elapsed=5s]
<blank>
<unk>
ा
र
ी
े
▁
ि
ल
न
क
त
स
म
्
ं
▁स
य
ह
ो
ु
▁के
द
प
ार
▁ब
ज
▁म
▁में
ग
▁है
▁द
▁अ
व
▁प
्र
▁ज
▁की
▁आ
ू
भ
च
ध
▁क
ट
ों
▁ह
▁र
▁को
ब
▁से
श
ख
ए
्य
▁का
▁ग
ने
▁न
▁और
▁व
▁कर
▁त
▁उ
ड
▁कि
ान
▁ल
ना
▁ने
थ
ई
▁प्र
ण
▁च
▁पर
▁श
ै
ता
्त
ौ
िक
ित
▁वि
फ
वा
▁हो
▁इस
▁जा
्व
क्ष
ष
इ
ंग
▁हैं
▁सं
्ट
ड़
िया
▁एक
ेश
छ
ठ
़
ओ
ॉ
घ
ढ
ृ
आ
झ
ऐ
उ
ँ
ऑ
ऊ
ः
अ
ॅ
n
ऋ
ञ
a
औ
ङ
ऩ
ऱ
<sos/eos>
Ended at Thursday 07 December 2023 07:06:51 PM IST
