=== 1/5 Counting and sorting n-grams ===
File stdin isn't normal.  Using slower read() instead of mmap().  No progress bar.
Unigram tokens 345971 types 21451
=== 2/5 Calculating and sorting adjusted counts ===
Chain sizes: 1:257412 2:75232550912 3:141061029888
Statistics:
1 21451 D1=0.654905 D2=0.989934 D3+=1.35226
2 142701 D1=0.782912 D2=1.10453 D3+=1.42724
3 249705 D1=0.868932 D2=1.18792 D3+=1.39845
Memory estimate for binary LM:
type      kB
probing 8278 assuming -p 1.5
probing 9198 assuming -r models -p 1.5
trie    3577 without quantization
trie    2060 assuming -q 8 -b 8 quantization 
trie    3398 assuming -a 22 array pointer compression
trie    1881 assuming -a 22 -q 8 -b 8 array pointer compression and quantization
=== 3/5 Calculating and sorting initial probabilities ===
Chain sizes: 1:257412 2:2283216 3:4994100
=== 4/5 Calculating and writing order-interpolated probabilities ===
Chain sizes: 1:257412 2:2283216 3:4994100
=== 5/5 Writing ARPA model ===
Name:lmplz	VmPeak:211389248 kB	VmRSS:13392 kB	RSSMax:48773336 kB	user:3.12071	sys:11.5079	CPU:14.6287	real:14.8507
Reading exp/ngram/3gram.arpa
----5---10---15---20---25---30---35---40---45---50---55---60---65---70---75---80---85---90---95--100
****************************************************************************************************
SUCCESS
