Starting at Monday 11 December 2023 05:56:06 PM IST
Running on hosts: scn40-10g
Running on 1 nodes.
Running 32 tasks.
Job id is 199446
Job submission directory is : /nlsasfs/home/nltm-st/akankss/thish/expts/espnet_egs2_001_hindi_all_asr1
2023-12-11T17:56:09 (asr.sh:283:main) ./asr.sh --stage 13 --stop_stage 13 --train_set train --valid_set dev --test_sets test --use_ngram false --use_lm true --asr_exp exp/asr_train_asr_e_branchformer_raw_bpe128 --lm_exp exp/lm_train_lm_transformer2_bpe128 --ngram_exp exp/ngram --inference_config conf/decode_asr.yaml
2023-12-11T17:56:10 (asr.sh:565:main) Skipped stages:  9 14 15 16 
2023-12-11T17:56:10 (asr.sh:1622:main) Stage 13: Scoring
2023-12-11T17:56:56 (asr.sh:1712:main) Write cer result in exp/asr_train_asr_e_branchformer_raw_bpe128/decode_asr_lm_lm_train_lm_transformer2_bpe128_valid.loss.ave_asr_model_valid.acc.ave/test/score_cer/result.txt
|     SPKR          |      # Snt          # Wrd      |      Corr             Sub              Del             Ins              Err           S.Err      |
|     Sum/Avg       |      2376           138049     |      27.4            23.9             48.6             2.2             74.8           100.0      |
2023-12-11T17:56:59 (asr.sh:1712:main) Write wer result in exp/asr_train_asr_e_branchformer_raw_bpe128/decode_asr_lm_lm_train_lm_transformer2_bpe128_valid.loss.ave_asr_model_valid.acc.ave/test/score_wer/result.txt
|     SPKR          |      # Snt          # Wrd      |      Corr             Sub              Del             Ins              Err           S.Err      |
|     Sum/Avg       |      2376           28029      |       6.8            47.4             45.7             0.4             93.6           100.0      |
<!-- Generated by scripts/utils/show_asr_result.sh -->
# RESULTS
## Environments
- date: `Mon Dec 11 17:57:00 IST 2023`
- python version: `3.8.18 (default, Sep 11 2023, 13:40:15)  [GCC 11.2.0]`
- espnet version: `espnet 202310`
- pytorch version: `pytorch 2.0.1`
- Git hash: `1dc9a118d8da075a258079a712e97137649a8ec9`
  - Commit date: `Wed Nov 1 13:48:03 2023 -0400`

## exp/asr_train_asr_e_branchformer_raw_bpe128
### WER

|dataset|Snt|Wrd|Corr|Sub|Del|Ins|Err|S.Err|
|---|---|---|---|---|---|---|---|---|
|decode_asr_lm_lm_train_lm_transformer2_bpe128_valid.loss.ave_asr_model_valid.acc.ave/test|2376|28029|6.8|47.4|45.7|0.4|93.6|100.0|

### CER

|dataset|Snt|Wrd|Corr|Sub|Del|Ins|Err|S.Err|
|---|---|---|---|---|---|---|---|---|
|decode_asr_lm_lm_train_lm_transformer2_bpe128_valid.loss.ave_asr_model_valid.acc.ave/test|2376|138049|27.4|23.9|48.6|2.2|74.8|100.0|

### TER

|dataset|Snt|Wrd|Corr|Sub|Del|Ins|Err|S.Err|
|---|---|---|---|---|---|---|---|---|
2023-12-11T17:57:46 (asr.sh:1863:main) Successfully finished. [elapsed=97s]
Ended at Monday 11 December 2023 05:57:47 PM IST
